[INFO] 21-03-2024 00:06:26 [main] [Log] - ============================================================
[INFO] 21-03-2024 00:06:26 [main] [Log] - Test case: createBookingTest test is starting...
[INFO] 21-03-2024 00:06:26 [main] [Log] - ============================================================
[INFO] 21-03-2024 00:06:30 [main] [Log] - ============================================================
[INFO] 21-03-2024 00:06:30 [main] [Log] - Test case: createBookingTest is passed.
[INFO] 21-03-2024 00:06:30 [main] [Log] - ============================================================
[INFO] 21-03-2024 00:06:30 [main] [Log] - ============================================================
[INFO] 21-03-2024 00:06:30 [main] [Log] - [TestResult name=createBookingTest status=SUCCESS method=RestfulBookerE2ETests.createBookingTest()[pri:0, instance:com.testautomation.apitesting.common.RestfulBookerE2ETests@6adede5] output={null}]
[INFO] 21-03-2024 00:06:30 [main] [Log] - ============================================================
[INFO] 21-03-2024 00:06:30 [main] [Log] - aditi
[INFO] 21-03-2024 00:06:30 [main] [Log] - ============================================================
[INFO] 21-03-2024 00:06:31 [main] [Log] - Test case: getBookingTest test is starting...
[INFO] 21-03-2024 00:06:31 [main] [Log] - ============================================================
[INFO] 21-03-2024 00:06:32 [main] [Log] - ============================================================
[INFO] 21-03-2024 00:06:32 [main] [Log] - Test case: getBookingTest is passed.
[INFO] 21-03-2024 00:06:32 [main] [Log] - ============================================================
[INFO] 21-03-2024 00:06:32 [main] [Log] - ============================================================
[INFO] 21-03-2024 00:06:32 [main] [Log] - [TestResult name=getBookingTest status=SUCCESS method=RestfulBookerE2ETests.getBookingTest()[pri:0, instance:com.testautomation.apitesting.common.RestfulBookerE2ETests@6adede5] output={null}]
[INFO] 21-03-2024 00:06:32 [main] [Log] - ============================================================
[INFO] 21-03-2024 00:06:32 [main] [Log] - aditi
[INFO] 21-03-2024 00:06:32 [main] [Log] - ============================================================
[INFO] 21-03-2024 00:06:32 [main] [Log] - Test case: updateBookingTest test is starting...
[INFO] 21-03-2024 00:06:32 [main] [Log] - ============================================================
[INFO] 21-03-2024 00:06:36 [main] [Log] - ============================================================
[INFO] 21-03-2024 00:06:36 [main] [Log] - Test case: updateBookingTest is passed.
[INFO] 21-03-2024 00:06:36 [main] [Log] - ============================================================
[INFO] 21-03-2024 00:06:36 [main] [Log] - ============================================================
[INFO] 21-03-2024 00:06:36 [main] [Log] - [TestResult name=updateBookingTest status=SUCCESS method=RestfulBookerE2ETests.updateBookingTest()[pri:0, instance:com.testautomation.apitesting.common.RestfulBookerE2ETests@6adede5] output={null}]
[INFO] 21-03-2024 00:06:36 [main] [Log] - ============================================================
[INFO] 21-03-2024 00:06:36 [main] [Log] - aditi
[INFO] 21-03-2024 00:06:36 [main] [Log] - ============================================================
[INFO] 21-03-2024 00:06:36 [main] [Log] - Test case: updatePartialBookingTest test is starting...
[INFO] 21-03-2024 00:06:36 [main] [Log] - ============================================================
[INFO] 21-03-2024 00:06:39 [main] [Log] - ============================================================
[INFO] 21-03-2024 00:06:39 [main] [Log] - Test case: updatePartialBookingTest is passed.
[INFO] 21-03-2024 00:06:39 [main] [Log] - ============================================================
[INFO] 21-03-2024 00:06:39 [main] [Log] - ============================================================
[INFO] 21-03-2024 00:06:39 [main] [Log] - [TestResult name=updatePartialBookingTest status=SUCCESS method=RestfulBookerE2ETests.updatePartialBookingTest()[pri:0, instance:com.testautomation.apitesting.common.RestfulBookerE2ETests@6adede5] output={null}]
[INFO] 21-03-2024 00:06:39 [main] [Log] - ============================================================
[INFO] 21-03-2024 00:06:39 [main] [Log] - aditi
[INFO] 21-03-2024 00:06:39 [main] [Log] - ============================================================
[INFO] 21-03-2024 00:06:39 [main] [Log] - Test case: deleteBookingTest test is starting...
[INFO] 21-03-2024 00:06:39 [main] [Log] - ============================================================
[INFO] 21-03-2024 00:06:43 [main] [Log] - ============================================================
[INFO] 21-03-2024 00:06:43 [main] [Log] - Test case: deleteBookingTest is passed.
[INFO] 21-03-2024 00:06:43 [main] [Log] - ============================================================
[INFO] 21-03-2024 00:06:43 [main] [Log] - ============================================================
[INFO] 21-03-2024 00:06:43 [main] [Log] - [TestResult name=deleteBookingTest status=SUCCESS method=RestfulBookerE2ETests.deleteBookingTest()[pri:5, instance:com.testautomation.apitesting.common.RestfulBookerE2ETests@6adede5] output={null}]
[INFO] 21-03-2024 00:06:43 [main] [Log] - ============================================================
[INFO] 21-03-2024 00:06:43 [main] [Log] - aditi
[INFO] 21-03-2024 00:06:43 [main] [Log] - ============================================================
[INFO] 21-03-2024 00:06:43 [main] [Log] - Test case: checkBookingIsDeleted test is starting...
[INFO] 21-03-2024 00:06:43 [main] [Log] - ============================================================
[INFO] 21-03-2024 00:06:44 [main] [Log] - ============================================================
[INFO] 21-03-2024 00:06:44 [main] [Log] - Test case: checkBookingIsDeleted is passed.
[INFO] 21-03-2024 00:06:44 [main] [Log] - ============================================================
[INFO] 21-03-2024 00:06:44 [main] [Log] - ============================================================
[INFO] 21-03-2024 00:06:44 [main] [Log] - [TestResult name=checkBookingIsDeleted status=SUCCESS method=RestfulBookerE2ETests.checkBookingIsDeleted()[pri:6, instance:com.testautomation.apitesting.common.RestfulBookerE2ETests@6adede5] output={null}]
[INFO] 21-03-2024 00:06:44 [main] [Log] - ============================================================
[INFO] 21-03-2024 00:06:44 [main] [Log] - aditi
[INFO] 21-03-2024 00:06:45 [main] [Log] - ============================================================
[INFO] 21-03-2024 00:06:45 [main] [Log] - Test Execution Completed Successfully for all tests!!
[INFO] 21-03-2024 00:06:45 [main] [Log] - ============================================================
[INFO] 21-03-2024 00:08:54 [main] [Log] - ============================================================
[INFO] 21-03-2024 00:08:54 [main] [Log] - Test case: createBookingTest test is starting...
[INFO] 21-03-2024 00:08:54 [main] [Log] - ============================================================
[INFO] 21-03-2024 00:08:59 [main] [Log] - ============================================================
[INFO] 21-03-2024 00:08:59 [main] [Log] - Test case: createBookingTest is passed.
[INFO] 21-03-2024 00:08:59 [main] [Log] - ============================================================
[INFO] 21-03-2024 00:08:59 [main] [Log] - ============================================================
[INFO] 21-03-2024 00:08:59 [main] [Log] - [TestResult name=createBookingTest status=SUCCESS method=RestfulBookerE2ETests.createBookingTest()[pri:0, instance:com.testautomation.apitesting.common.RestfulBookerE2ETests@6adede5] output={null}]
[INFO] 21-03-2024 00:08:59 [main] [Log] - ============================================================
[INFO] 21-03-2024 00:08:59 [main] [Log] - ============================================================
[INFO] 21-03-2024 00:08:59 [main] [Log] - Test case: getBookingTest test is starting...
[INFO] 21-03-2024 00:08:59 [main] [Log] - ============================================================
[INFO] 21-03-2024 00:09:00 [main] [Log] - ============================================================
[INFO] 21-03-2024 00:09:00 [main] [Log] - Test case: getBookingTest is passed.
[INFO] 21-03-2024 00:09:00 [main] [Log] - ============================================================
[INFO] 21-03-2024 00:09:00 [main] [Log] - ============================================================
[INFO] 21-03-2024 00:09:00 [main] [Log] - [TestResult name=getBookingTest status=SUCCESS method=RestfulBookerE2ETests.getBookingTest()[pri:0, instance:com.testautomation.apitesting.common.RestfulBookerE2ETests@6adede5] output={null}]
[INFO] 21-03-2024 00:09:00 [main] [Log] - ============================================================
[INFO] 21-03-2024 00:09:00 [main] [Log] - ============================================================
[INFO] 21-03-2024 00:09:00 [main] [Log] - Test case: updateBookingTest test is starting...
[INFO] 21-03-2024 00:09:00 [main] [Log] - ============================================================
[INFO] 21-03-2024 00:09:04 [main] [Log] - ============================================================
[INFO] 21-03-2024 00:09:04 [main] [Log] - Test case: updateBookingTest is passed.
[INFO] 21-03-2024 00:09:04 [main] [Log] - ============================================================
[INFO] 21-03-2024 00:09:04 [main] [Log] - ============================================================
[INFO] 21-03-2024 00:09:04 [main] [Log] - [TestResult name=updateBookingTest status=SUCCESS method=RestfulBookerE2ETests.updateBookingTest()[pri:0, instance:com.testautomation.apitesting.common.RestfulBookerE2ETests@6adede5] output={null}]
[INFO] 21-03-2024 00:09:04 [main] [Log] - ============================================================
[INFO] 21-03-2024 00:09:04 [main] [Log] - ============================================================
[INFO] 21-03-2024 00:09:04 [main] [Log] - Test case: updatePartialBookingTest test is starting...
[INFO] 21-03-2024 00:09:04 [main] [Log] - ============================================================
[INFO] 21-03-2024 00:09:07 [main] [Log] - ============================================================
[INFO] 21-03-2024 00:09:07 [main] [Log] - Test case: updatePartialBookingTest is passed.
[INFO] 21-03-2024 00:09:07 [main] [Log] - ============================================================
[INFO] 21-03-2024 00:09:07 [main] [Log] - ============================================================
[INFO] 21-03-2024 00:09:07 [main] [Log] - [TestResult name=updatePartialBookingTest status=SUCCESS method=RestfulBookerE2ETests.updatePartialBookingTest()[pri:0, instance:com.testautomation.apitesting.common.RestfulBookerE2ETests@6adede5] output={null}]
[INFO] 21-03-2024 00:09:07 [main] [Log] - ============================================================
[INFO] 21-03-2024 00:09:07 [main] [Log] - ============================================================
[INFO] 21-03-2024 00:09:07 [main] [Log] - Test case: deleteBookingTest test is starting...
[INFO] 21-03-2024 00:09:07 [main] [Log] - ============================================================
[INFO] 21-03-2024 00:09:11 [main] [Log] - ============================================================
[INFO] 21-03-2024 00:09:11 [main] [Log] - Test case: deleteBookingTest is passed.
[INFO] 21-03-2024 00:09:11 [main] [Log] - ============================================================
[INFO] 21-03-2024 00:09:11 [main] [Log] - ============================================================
[INFO] 21-03-2024 00:09:11 [main] [Log] - [TestResult name=deleteBookingTest status=SUCCESS method=RestfulBookerE2ETests.deleteBookingTest()[pri:5, instance:com.testautomation.apitesting.common.RestfulBookerE2ETests@6adede5] output={null}]
[INFO] 21-03-2024 00:09:11 [main] [Log] - ============================================================
[INFO] 21-03-2024 00:09:11 [main] [Log] - ============================================================
[INFO] 21-03-2024 00:09:11 [main] [Log] - Test case: checkBookingIsDeleted test is starting...
[INFO] 21-03-2024 00:09:11 [main] [Log] - ============================================================
[INFO] 21-03-2024 00:09:12 [main] [Log] - ============================================================
[INFO] 21-03-2024 00:09:12 [main] [Log] - Test case: checkBookingIsDeleted is passed.
[INFO] 21-03-2024 00:09:12 [main] [Log] - ============================================================
[INFO] 21-03-2024 00:09:12 [main] [Log] - ============================================================
[INFO] 21-03-2024 00:09:12 [main] [Log] - [TestResult name=checkBookingIsDeleted status=SUCCESS method=RestfulBookerE2ETests.checkBookingIsDeleted()[pri:6, instance:com.testautomation.apitesting.common.RestfulBookerE2ETests@6adede5] output={null}]
[INFO] 21-03-2024 00:09:12 [main] [Log] - ============================================================
[INFO] 21-03-2024 00:09:13 [main] [Log] - ============================================================
[INFO] 21-03-2024 00:09:13 [main] [Log] - Test Execution Completed Successfully for all tests!!
[INFO] 21-03-2024 00:09:13 [main] [Log] - ============================================================
[INFO] 21-03-2024 00:42:05 [main] [Log] - ============================================================
[INFO] 21-03-2024 00:42:05 [main] [Log] - Test case: createBookingTest test is starting...
[INFO] 21-03-2024 00:42:05 [main] [Log] - ============================================================
[INFO] 21-03-2024 00:42:08 [main] [Log] - ============================================================
[INFO] 21-03-2024 00:42:08 [main] [Log] - Test case: createBookingTest is passed.
[INFO] 21-03-2024 00:42:08 [main] [Log] - ============================================================
[INFO] 21-03-2024 00:42:09 [main] [Log] - ============================================================
[INFO] 21-03-2024 00:42:09 [main] [Log] - Test Execution Completed Successfully for all tests!!
[INFO] 21-03-2024 00:42:09 [main] [Log] - ============================================================
[INFO] 21-03-2024 00:51:08 [main] [Log] - ============================================================
[INFO] 21-03-2024 00:51:08 [main] [Log] - Test case: createBookingTest test is starting...
[INFO] 21-03-2024 00:51:08 [main] [Log] - ============================================================
[INFO] 21-03-2024 00:51:13 [main] [Log] - ============================================================
[INFO] 21-03-2024 00:51:13 [main] [Log] - Test case: createBookingTest is passed.
[INFO] 21-03-2024 00:51:13 [main] [Log] - ============================================================
[INFO] 21-03-2024 00:51:14 [main] [Log] - ============================================================
[INFO] 21-03-2024 00:51:14 [main] [Log] - Test Execution Completed Successfully for all tests!!
[INFO] 21-03-2024 00:51:14 [main] [Log] - ============================================================
[INFO] 21-03-2024 00:53:53 [main] [Log] - ============================================================
[INFO] 21-03-2024 00:53:53 [main] [Log] - Test case: createBookingTest test is starting...
[INFO] 21-03-2024 00:53:53 [main] [Log] - ============================================================
[INFO] 21-03-2024 00:53:58 [main] [Log] - ============================================================
[INFO] 21-03-2024 00:53:58 [main] [Log] - Test case: createBookingTest is passed.
[INFO] 21-03-2024 00:53:58 [main] [Log] - ============================================================
[INFO] 21-03-2024 00:53:59 [main] [Log] - ============================================================
[INFO] 21-03-2024 00:53:59 [main] [Log] - Test Execution Completed Successfully for all tests!!
[INFO] 21-03-2024 00:53:59 [main] [Log] - ============================================================
[INFO] 21-03-2024 00:58:10 [main] [Log] - ============================================================
[INFO] 21-03-2024 00:58:10 [main] [Log] - Test case: createBookingTest test is starting...
[INFO] 21-03-2024 00:58:10 [main] [Log] - ============================================================
[INFO] 21-03-2024 00:58:15 [main] [Log] - ============================================================
[INFO] 21-03-2024 00:58:15 [main] [Log] - Test case: createBookingTest is passed.
[INFO] 21-03-2024 00:58:15 [main] [Log] - ============================================================
[INFO] 21-03-2024 00:58:16 [main] [Log] - ============================================================
[INFO] 21-03-2024 00:58:16 [main] [Log] - Test Execution Completed Successfully for all tests!!
[INFO] 21-03-2024 00:58:16 [main] [Log] - ============================================================
[INFO] 21-03-2024 00:59:36 [main] [Log] - ============================================================
[INFO] 21-03-2024 00:59:36 [main] [Log] - Test case: createBookingTest test is starting...
[INFO] 21-03-2024 00:59:36 [main] [Log] - ============================================================
[INFO] 21-03-2024 00:59:41 [main] [Log] - ============================================================
[INFO] 21-03-2024 00:59:41 [main] [Log] - Test case: createBookingTest is passed.
[INFO] 21-03-2024 00:59:41 [main] [Log] - ============================================================
[INFO] 21-03-2024 00:59:41 [main] [Log] - ============================================================
[INFO] 21-03-2024 00:59:41 [main] [Log] - Test case: getBookingTest test is starting...
[INFO] 21-03-2024 00:59:41 [main] [Log] - ============================================================
[INFO] 21-03-2024 00:59:43 [main] [Log] - ============================================================
[INFO] 21-03-2024 00:59:43 [main] [Log] - Test case: getBookingTest is passed.
[INFO] 21-03-2024 00:59:43 [main] [Log] - ============================================================
[INFO] 21-03-2024 00:59:43 [main] [Log] - ============================================================
[INFO] 21-03-2024 00:59:43 [main] [Log] - Test case: updateBookingTest test is starting...
[INFO] 21-03-2024 00:59:43 [main] [Log] - ============================================================
[INFO] 21-03-2024 00:59:46 [main] [Log] - ============================================================
[INFO] 21-03-2024 00:59:46 [main] [Log] - Test case: updateBookingTest is passed.
[INFO] 21-03-2024 00:59:46 [main] [Log] - ============================================================
[INFO] 21-03-2024 00:59:46 [main] [Log] - ============================================================
[INFO] 21-03-2024 00:59:46 [main] [Log] - Test case: updatePartialBookingTest test is starting...
[INFO] 21-03-2024 00:59:46 [main] [Log] - ============================================================
[INFO] 21-03-2024 00:59:49 [main] [Log] - ============================================================
[INFO] 21-03-2024 00:59:49 [main] [Log] - Test case: updatePartialBookingTest is passed.
[INFO] 21-03-2024 00:59:49 [main] [Log] - ============================================================
[INFO] 21-03-2024 00:59:49 [main] [Log] - ============================================================
[INFO] 21-03-2024 00:59:49 [main] [Log] - Test case: deleteBookingTest test is starting...
[INFO] 21-03-2024 00:59:49 [main] [Log] - ============================================================
[INFO] 21-03-2024 00:59:52 [main] [Log] - ============================================================
[INFO] 21-03-2024 00:59:52 [main] [Log] - Test case: deleteBookingTest is passed.
[INFO] 21-03-2024 00:59:52 [main] [Log] - ============================================================
[INFO] 21-03-2024 00:59:52 [main] [Log] - ============================================================
[INFO] 21-03-2024 00:59:52 [main] [Log] - Test case: checkBookingIsDeleted test is starting...
[INFO] 21-03-2024 00:59:52 [main] [Log] - ============================================================
[INFO] 21-03-2024 00:59:54 [main] [Log] - ============================================================
[INFO] 21-03-2024 00:59:54 [main] [Log] - Test case: checkBookingIsDeleted is passed.
[INFO] 21-03-2024 00:59:54 [main] [Log] - ============================================================
[INFO] 21-03-2024 00:59:54 [main] [Log] - ============================================================
[INFO] 21-03-2024 00:59:54 [main] [Log] - Test Execution Completed Successfully for all tests!!
[INFO] 21-03-2024 00:59:54 [main] [Log] - ============================================================
[INFO] 21-03-2024 01:01:17 [main] [Log] - ============================================================
[INFO] 21-03-2024 01:01:17 [main] [Log] - Test case: createBookingTest test is starting...
[INFO] 21-03-2024 01:01:17 [main] [Log] - ============================================================
[INFO] 21-03-2024 01:01:22 [main] [Log] - ============================================================
[INFO] 21-03-2024 01:01:22 [main] [Log] - Test case: createBookingTest is passed.
[INFO] 21-03-2024 01:01:22 [main] [Log] - ============================================================
[INFO] 21-03-2024 01:01:22 [main] [Log] - ============================================================
[INFO] 21-03-2024 01:01:22 [main] [Log] - Test case: getBookingTest test is starting...
[INFO] 21-03-2024 01:01:22 [main] [Log] - ============================================================
[INFO] 21-03-2024 01:01:23 [main] [Log] - ============================================================
[INFO] 21-03-2024 01:01:23 [main] [Log] - Test case: getBookingTest is passed.
[INFO] 21-03-2024 01:01:23 [main] [Log] - ============================================================
[INFO] 21-03-2024 01:01:23 [main] [Log] - ============================================================
[INFO] 21-03-2024 01:01:23 [main] [Log] - Test case: updateBookingTest test is starting...
[INFO] 21-03-2024 01:01:23 [main] [Log] - ============================================================
[INFO] 21-03-2024 01:01:26 [main] [Log] - ============================================================
[INFO] 21-03-2024 01:01:26 [main] [Log] - Test case: updateBookingTest is passed.
[INFO] 21-03-2024 01:01:26 [main] [Log] - ============================================================
[INFO] 21-03-2024 01:01:26 [main] [Log] - ============================================================
[INFO] 21-03-2024 01:01:26 [main] [Log] - Test case: updatePartialBookingTest test is starting...
[INFO] 21-03-2024 01:01:26 [main] [Log] - ============================================================
[INFO] 21-03-2024 01:01:30 [main] [Log] - ============================================================
[INFO] 21-03-2024 01:01:30 [main] [Log] - Test case: updatePartialBookingTest is passed.
[INFO] 21-03-2024 01:01:30 [main] [Log] - ============================================================
[INFO] 21-03-2024 01:01:30 [main] [Log] - ============================================================
[INFO] 21-03-2024 01:01:30 [main] [Log] - Test case: deleteBookingTest test is starting...
[INFO] 21-03-2024 01:01:30 [main] [Log] - ============================================================
[INFO] 21-03-2024 01:01:32 [main] [Log] - ============================================================
[INFO] 21-03-2024 01:01:32 [main] [Log] - Test case: deleteBookingTest is passed.
[INFO] 21-03-2024 01:01:32 [main] [Log] - ============================================================
[INFO] 21-03-2024 01:01:32 [main] [Log] - ============================================================
[INFO] 21-03-2024 01:01:32 [main] [Log] - Test case: checkBookingIsDeleted test is starting...
[INFO] 21-03-2024 01:01:32 [main] [Log] - ============================================================
[INFO] 21-03-2024 01:01:34 [main] [Log] - ============================================================
[INFO] 21-03-2024 01:01:34 [main] [Log] - Test case: checkBookingIsDeleted is passed.
[INFO] 21-03-2024 01:01:34 [main] [Log] - ============================================================
[INFO] 21-03-2024 01:01:35 [main] [Log] - ============================================================
[INFO] 21-03-2024 01:01:35 [main] [Log] - Test Execution Completed Successfully for all tests!!
[INFO] 21-03-2024 01:01:35 [main] [Log] - ============================================================
[INFO] 21-03-2024 01:26:54 [main] [Log] - ============================================================
[INFO] 21-03-2024 01:26:54 [main] [Log] - Test case: createBookingTest test is starting...
[INFO] 21-03-2024 01:26:54 [main] [Log] - ============================================================
[INFO] 21-03-2024 01:26:57 [main] [Log] - ============================================================
[INFO] 21-03-2024 01:26:57 [main] [Log] - Test case: createBookingTest is passed.
[INFO] 21-03-2024 01:26:57 [main] [Log] - ============================================================
[INFO] 21-03-2024 01:26:57 [main] [Log] - ============================================================
[INFO] 21-03-2024 01:26:57 [main] [Log] - Test case: getBookingTest test is starting...
[INFO] 21-03-2024 01:26:57 [main] [Log] - ============================================================
[INFO] 21-03-2024 01:26:59 [main] [Log] - ============================================================
[INFO] 21-03-2024 01:26:59 [main] [Log] - Test case: getBookingTest is passed.
[INFO] 21-03-2024 01:26:59 [main] [Log] - ============================================================
[INFO] 21-03-2024 01:26:59 [main] [Log] - ============================================================
[INFO] 21-03-2024 01:26:59 [main] [Log] - Test case: updateBookingTest test is starting...
[INFO] 21-03-2024 01:26:59 [main] [Log] - ============================================================
[INFO] 21-03-2024 01:27:02 [main] [Log] - ============================================================
[INFO] 21-03-2024 01:27:02 [main] [Log] - Test case: updateBookingTest is passed.
[INFO] 21-03-2024 01:27:02 [main] [Log] - ============================================================
[INFO] 21-03-2024 01:27:02 [main] [Log] - ============================================================
[INFO] 21-03-2024 01:27:02 [main] [Log] - Test case: updatePartialBookingTest test is starting...
[INFO] 21-03-2024 01:27:02 [main] [Log] - ============================================================
[INFO] 21-03-2024 01:27:05 [main] [Log] - ============================================================
[INFO] 21-03-2024 01:27:05 [main] [Log] - Test case: updatePartialBookingTest is passed.
[INFO] 21-03-2024 01:27:05 [main] [Log] - ============================================================
[INFO] 21-03-2024 01:27:05 [main] [Log] - ============================================================
[INFO] 21-03-2024 01:27:05 [main] [Log] - Test case: deleteBookingTest test is starting...
[INFO] 21-03-2024 01:27:05 [main] [Log] - ============================================================
[INFO] 21-03-2024 01:27:07 [main] [Log] - ============================================================
[INFO] 21-03-2024 01:27:07 [main] [Log] - Test case: deleteBookingTest is passed.
[INFO] 21-03-2024 01:27:07 [main] [Log] - ============================================================
[INFO] 21-03-2024 01:27:07 [main] [Log] - ============================================================
[INFO] 21-03-2024 01:27:07 [main] [Log] - Test case: checkBookingIsDeleted test is starting...
[INFO] 21-03-2024 01:27:07 [main] [Log] - ============================================================
[INFO] 21-03-2024 01:27:09 [main] [Log] - ============================================================
[INFO] 21-03-2024 01:27:09 [main] [Log] - Test case: checkBookingIsDeleted is passed.
[INFO] 21-03-2024 01:27:09 [main] [Log] - ============================================================
[INFO] 21-03-2024 01:27:09 [main] [Log] - ============================================================
[INFO] 21-03-2024 01:27:09 [main] [Log] - Test Execution Completed Successfully for all tests!!
[INFO] 21-03-2024 01:27:09 [main] [Log] - ============================================================
[INFO] 21-03-2024 11:35:45 [main] [Log] - ============================================================
[INFO] 21-03-2024 11:35:45 [main] [Log] - Test case: createBookingTest test is starting...
[INFO] 21-03-2024 11:35:45 [main] [Log] - ============================================================
[INFO] 21-03-2024 11:35:49 [main] [Log] - ============================================================
[INFO] 21-03-2024 11:35:49 [main] [Log] - Test case: createBookingTest is passed.
[INFO] 21-03-2024 11:35:49 [main] [Log] - ============================================================
[INFO] 21-03-2024 11:35:49 [main] [Log] - ============================================================
[INFO] 21-03-2024 11:35:49 [main] [Log] - Test case: getBookingTest test is starting...
[INFO] 21-03-2024 11:35:49 [main] [Log] - ============================================================
[INFO] 21-03-2024 11:35:51 [main] [Log] - ============================================================
[INFO] 21-03-2024 11:35:51 [main] [Log] - Test case: getBookingTest is passed.
[INFO] 21-03-2024 11:35:51 [main] [Log] - ============================================================
[INFO] 21-03-2024 11:35:51 [main] [Log] - ============================================================
[INFO] 21-03-2024 11:35:51 [main] [Log] - Test case: updateBookingTest test is starting...
[INFO] 21-03-2024 11:35:51 [main] [Log] - ============================================================
[INFO] 21-03-2024 11:35:54 [main] [Log] - ============================================================
[INFO] 21-03-2024 11:35:54 [main] [Log] - Test case: updateBookingTest is passed.
[INFO] 21-03-2024 11:35:54 [main] [Log] - ============================================================
[INFO] 21-03-2024 11:35:54 [main] [Log] - ============================================================
[INFO] 21-03-2024 11:35:54 [main] [Log] - Test case: updatePartialBookingTest test is starting...
[INFO] 21-03-2024 11:35:54 [main] [Log] - ============================================================
[INFO] 21-03-2024 11:35:58 [main] [Log] - ============================================================
[INFO] 21-03-2024 11:35:58 [main] [Log] - Test case: updatePartialBookingTest is passed.
[INFO] 21-03-2024 11:35:58 [main] [Log] - ============================================================
[INFO] 21-03-2024 11:35:58 [main] [Log] - ============================================================
[INFO] 21-03-2024 11:35:58 [main] [Log] - Test case: deleteBookingTest test is starting...
[INFO] 21-03-2024 11:35:58 [main] [Log] - ============================================================
[INFO] 21-03-2024 11:36:01 [main] [Log] - ============================================================
[INFO] 21-03-2024 11:36:01 [main] [Log] - Test case: deleteBookingTest is passed.
[INFO] 21-03-2024 11:36:01 [main] [Log] - ============================================================
[INFO] 21-03-2024 11:36:01 [main] [Log] - ============================================================
[INFO] 21-03-2024 11:36:01 [main] [Log] - Test case: checkBookingIsDeleted test is starting...
[INFO] 21-03-2024 11:36:01 [main] [Log] - ============================================================
[INFO] 21-03-2024 11:36:03 [main] [Log] - ============================================================
[INFO] 21-03-2024 11:36:03 [main] [Log] - Test case: checkBookingIsDeleted is passed.
[INFO] 21-03-2024 11:36:03 [main] [Log] - ============================================================
[INFO] 21-03-2024 11:36:03 [main] [Log] - ============================================================
[INFO] 21-03-2024 11:36:03 [main] [Log] - Test Execution Completed Successfully for all tests!!
[INFO] 21-03-2024 11:36:03 [main] [Log] - ============================================================
