[INFO] 20-03-2024 17:21:06 [main] [Log] - ============================================================
[INFO] 20-03-2024 17:21:06 [main] [Log] - Test case: createBookingTest test is starting...
[INFO] 20-03-2024 17:21:06 [main] [Log] - ============================================================
[INFO] 20-03-2024 17:21:10 [main] [Log] - ============================================================
[INFO] 20-03-2024 17:21:10 [main] [Log] - Test case: createBookingTest is passed.
[INFO] 20-03-2024 17:21:10 [main] [Log] - ============================================================
[INFO] 20-03-2024 17:21:10 [main] [Log] - ============================================================
[INFO] 20-03-2024 17:21:10 [main] [Log] - Test case: getBookingTest test is starting...
[INFO] 20-03-2024 17:21:10 [main] [Log] - ============================================================
[INFO] 20-03-2024 17:21:11 [main] [Log] - ============================================================
[INFO] 20-03-2024 17:21:11 [main] [Log] - Test case: getBookingTest is passed.
[INFO] 20-03-2024 17:21:11 [main] [Log] - ============================================================
[INFO] 20-03-2024 17:21:11 [main] [Log] - ============================================================
[INFO] 20-03-2024 17:21:11 [main] [Log] - Test case: updateBookingTest test is starting...
[INFO] 20-03-2024 17:21:11 [main] [Log] - ============================================================
[INFO] 20-03-2024 17:21:15 [main] [Log] - ============================================================
[INFO] 20-03-2024 17:21:15 [main] [Log] - Test case: updateBookingTest is passed.
[INFO] 20-03-2024 17:21:15 [main] [Log] - ============================================================
[INFO] 20-03-2024 17:21:15 [main] [Log] - ============================================================
[INFO] 20-03-2024 17:21:15 [main] [Log] - Test case: updatePartialBookingTest test is starting...
[INFO] 20-03-2024 17:21:15 [main] [Log] - ============================================================
[INFO] 20-03-2024 17:21:18 [main] [Log] - ============================================================
[INFO] 20-03-2024 17:21:18 [main] [Log] - Test case: updatePartialBookingTest is passed.
[INFO] 20-03-2024 17:21:18 [main] [Log] - ============================================================
[INFO] 20-03-2024 17:21:18 [main] [Log] - ============================================================
[INFO] 20-03-2024 17:21:18 [main] [Log] - Test case: deleteBookingTest test is starting...
[INFO] 20-03-2024 17:21:18 [main] [Log] - ============================================================
[INFO] 20-03-2024 17:21:23 [main] [Log] - ============================================================
[INFO] 20-03-2024 17:21:23 [main] [Log] - Test case: deleteBookingTest is passed.
[INFO] 20-03-2024 17:21:23 [main] [Log] - ============================================================
[INFO] 20-03-2024 17:21:23 [main] [Log] - ============================================================
[INFO] 20-03-2024 17:21:23 [main] [Log] - Test case: checkBookingIsDeleted test is starting...
[INFO] 20-03-2024 17:21:23 [main] [Log] - ============================================================
[INFO] 20-03-2024 17:21:24 [main] [Log] - ============================================================
[INFO] 20-03-2024 17:21:24 [main] [Log] - Test case: checkBookingIsDeleted is passed.
[INFO] 20-03-2024 17:21:24 [main] [Log] - ============================================================
[INFO] 20-03-2024 17:21:25 [main] [Log] - ============================================================
[INFO] 20-03-2024 17:21:25 [main] [Log] - Test Execution Completed Successfully for all tests!!
[INFO] 20-03-2024 17:21:25 [main] [Log] - ============================================================
[INFO] 20-03-2024 18:46:55 [main] [Log] - ============================================================
[INFO] 20-03-2024 18:46:55 [main] [Log] - Test case: createBookingTest test is starting...
[INFO] 20-03-2024 18:46:55 [main] [Log] - ============================================================
[INFO] 20-03-2024 18:46:58 [main] [Log] - ============================================================
[INFO] 20-03-2024 18:46:58 [main] [Log] - Test case: createBookingTest is passed.
[INFO] 20-03-2024 18:46:58 [main] [Log] - ============================================================
[INFO] 20-03-2024 18:46:58 [main] [Log] - ============================================================
[INFO] 20-03-2024 18:46:58 [main] [Log] - Test case: getBookingTest test is starting...
[INFO] 20-03-2024 18:46:58 [main] [Log] - ============================================================
[INFO] 20-03-2024 18:47:00 [main] [Log] - ============================================================
[INFO] 20-03-2024 18:47:00 [main] [Log] - Test case: getBookingTest is passed.
[INFO] 20-03-2024 18:47:00 [main] [Log] - ============================================================
[INFO] 20-03-2024 18:47:00 [main] [Log] - ============================================================
[INFO] 20-03-2024 18:47:00 [main] [Log] - Test case: updateBookingTest test is starting...
[INFO] 20-03-2024 18:47:00 [main] [Log] - ============================================================
[INFO] 20-03-2024 18:47:03 [main] [Log] - ============================================================
[INFO] 20-03-2024 18:47:03 [main] [Log] - Test case: updateBookingTest is passed.
[INFO] 20-03-2024 18:47:03 [main] [Log] - ============================================================
[INFO] 20-03-2024 18:47:03 [main] [Log] - ============================================================
[INFO] 20-03-2024 18:47:03 [main] [Log] - Test case: updatePartialBookingTest test is starting...
[INFO] 20-03-2024 18:47:03 [main] [Log] - ============================================================
[INFO] 20-03-2024 18:47:06 [main] [Log] - ============================================================
[INFO] 20-03-2024 18:47:06 [main] [Log] - Test case: updatePartialBookingTest is passed.
[INFO] 20-03-2024 18:47:06 [main] [Log] - ============================================================
[INFO] 20-03-2024 18:47:06 [main] [Log] - ============================================================
[INFO] 20-03-2024 18:47:06 [main] [Log] - Test case: deleteBookingTest test is starting...
[INFO] 20-03-2024 18:47:06 [main] [Log] - ============================================================
[INFO] 20-03-2024 18:47:09 [main] [Log] - ============================================================
[INFO] 20-03-2024 18:47:09 [main] [Log] - Test case: deleteBookingTest is passed.
[INFO] 20-03-2024 18:47:09 [main] [Log] - ============================================================
[INFO] 20-03-2024 18:47:09 [main] [Log] - ============================================================
[INFO] 20-03-2024 18:47:09 [main] [Log] - Test case: checkBookingIsDeleted test is starting...
[INFO] 20-03-2024 18:47:09 [main] [Log] - ============================================================
[INFO] 20-03-2024 18:47:10 [main] [Log] - ============================================================
[INFO] 20-03-2024 18:47:10 [main] [Log] - Test case: checkBookingIsDeleted is passed.
[INFO] 20-03-2024 18:47:10 [main] [Log] - ============================================================
[INFO] 20-03-2024 18:47:11 [main] [Log] - ============================================================
[INFO] 20-03-2024 18:47:11 [main] [Log] - Test Execution Completed Successfully for all tests!!
[INFO] 20-03-2024 18:47:11 [main] [Log] - ============================================================
[INFO] 20-03-2024 19:08:41 [main] [Log] - ============================================================
[INFO] 20-03-2024 19:08:41 [main] [Log] - Test case: createBookingTest test is starting...
[INFO] 20-03-2024 19:08:41 [main] [Log] - ============================================================
[INFO] 20-03-2024 19:08:44 [main] [Log] - ============================================================
[INFO] 20-03-2024 19:08:44 [main] [Log] - Test case: createBookingTest is passed.
[INFO] 20-03-2024 19:08:44 [main] [Log] - ============================================================
[INFO] 20-03-2024 19:08:44 [main] [Log] - ============================================================
[INFO] 20-03-2024 19:08:44 [main] [Log] - Test case: getBookingTest test is starting...
[INFO] 20-03-2024 19:08:44 [main] [Log] - ============================================================
[INFO] 20-03-2024 19:08:46 [main] [Log] - ============================================================
[INFO] 20-03-2024 19:08:46 [main] [Log] - Test case: getBookingTest is passed.
[INFO] 20-03-2024 19:08:46 [main] [Log] - ============================================================
[INFO] 20-03-2024 19:08:46 [main] [Log] - ============================================================
[INFO] 20-03-2024 19:08:46 [main] [Log] - Test case: updateBookingTest test is starting...
[INFO] 20-03-2024 19:08:46 [main] [Log] - ============================================================
[INFO] 20-03-2024 19:08:48 [main] [Log] - ============================================================
[INFO] 20-03-2024 19:08:48 [main] [Log] - Test case: updateBookingTest is passed.
[INFO] 20-03-2024 19:08:48 [main] [Log] - ============================================================
[INFO] 20-03-2024 19:08:48 [main] [Log] - ============================================================
[INFO] 20-03-2024 19:08:48 [main] [Log] - Test case: updatePartialBookingTest test is starting...
[INFO] 20-03-2024 19:08:48 [main] [Log] - ============================================================
[INFO] 20-03-2024 19:08:51 [main] [Log] - ============================================================
[INFO] 20-03-2024 19:08:51 [main] [Log] - Test case: updatePartialBookingTest is passed.
[INFO] 20-03-2024 19:08:51 [main] [Log] - ============================================================
[INFO] 20-03-2024 19:08:51 [main] [Log] - ============================================================
[INFO] 20-03-2024 19:08:51 [main] [Log] - Test case: deleteBookingTest test is starting...
[INFO] 20-03-2024 19:08:51 [main] [Log] - ============================================================
[INFO] 20-03-2024 19:08:54 [main] [Log] - ============================================================
[INFO] 20-03-2024 19:08:54 [main] [Log] - Test case: deleteBookingTest is passed.
[INFO] 20-03-2024 19:08:54 [main] [Log] - ============================================================
[INFO] 20-03-2024 19:08:54 [main] [Log] - ============================================================
[INFO] 20-03-2024 19:08:54 [main] [Log] - Test case: checkBookingIsDeleted test is starting...
[INFO] 20-03-2024 19:08:54 [main] [Log] - ============================================================
[INFO] 20-03-2024 19:08:56 [main] [Log] - ============================================================
[INFO] 20-03-2024 19:08:56 [main] [Log] - Test case: checkBookingIsDeleted is passed.
[INFO] 20-03-2024 19:08:56 [main] [Log] - ============================================================
[INFO] 20-03-2024 19:08:56 [main] [Log] - ============================================================
[INFO] 20-03-2024 19:08:56 [main] [Log] - Test Execution Completed Successfully for all tests!!
[INFO] 20-03-2024 19:08:56 [main] [Log] - ============================================================
[INFO] 20-03-2024 19:18:55 [main] [Log] - ============================================================
[INFO] 20-03-2024 19:18:55 [main] [Log] - Test case: createBookingTest test is starting...
[INFO] 20-03-2024 19:18:55 [main] [Log] - ============================================================
[INFO] 20-03-2024 19:18:58 [main] [Log] - ============================================================
[INFO] 20-03-2024 19:18:58 [main] [Log] - Test case: createBookingTest is passed.
[INFO] 20-03-2024 19:18:58 [main] [Log] - ============================================================
[INFO] 20-03-2024 19:18:58 [main] [Log] - ============================================================
[INFO] 20-03-2024 19:18:58 [main] [Log] - Test case: getBookingTest test is starting...
[INFO] 20-03-2024 19:18:58 [main] [Log] - ============================================================
[INFO] 20-03-2024 19:19:00 [main] [Log] - ============================================================
[INFO] 20-03-2024 19:19:00 [main] [Log] - Test case: getBookingTest is passed.
[INFO] 20-03-2024 19:19:00 [main] [Log] - ============================================================
[INFO] 20-03-2024 19:19:00 [main] [Log] - ============================================================
[INFO] 20-03-2024 19:19:00 [main] [Log] - Test case: updateBookingTest test is starting...
[INFO] 20-03-2024 19:19:00 [main] [Log] - ============================================================
[INFO] 20-03-2024 19:19:04 [main] [Log] - ============================================================
[INFO] 20-03-2024 19:19:04 [main] [Log] - Test case: updateBookingTest is passed.
[INFO] 20-03-2024 19:19:04 [main] [Log] - ============================================================
[INFO] 20-03-2024 19:19:04 [main] [Log] - ============================================================
[INFO] 20-03-2024 19:19:04 [main] [Log] - Test case: updatePartialBookingTest test is starting...
[INFO] 20-03-2024 19:19:04 [main] [Log] - ============================================================
[INFO] 20-03-2024 19:19:07 [main] [Log] - ============================================================
[INFO] 20-03-2024 19:19:07 [main] [Log] - Test case: updatePartialBookingTest is passed.
[INFO] 20-03-2024 19:19:07 [main] [Log] - ============================================================
[INFO] 20-03-2024 19:19:07 [main] [Log] - ============================================================
[INFO] 20-03-2024 19:19:07 [main] [Log] - Test case: deleteBookingTest test is starting...
[INFO] 20-03-2024 19:19:07 [main] [Log] - ============================================================
[INFO] 20-03-2024 19:19:11 [main] [Log] - ============================================================
[INFO] 20-03-2024 19:19:11 [main] [Log] - Test case: deleteBookingTest is passed.
[INFO] 20-03-2024 19:19:11 [main] [Log] - ============================================================
[INFO] 20-03-2024 19:19:11 [main] [Log] - ============================================================
[INFO] 20-03-2024 19:19:11 [main] [Log] - Test case: checkBookingIsDeleted test is starting...
[INFO] 20-03-2024 19:19:11 [main] [Log] - ============================================================
[INFO] 20-03-2024 19:19:12 [main] [Log] - ============================================================
[INFO] 20-03-2024 19:19:12 [main] [Log] - Test case: checkBookingIsDeleted is passed.
[INFO] 20-03-2024 19:19:12 [main] [Log] - ============================================================
[INFO] 20-03-2024 19:19:13 [main] [Log] - ============================================================
[INFO] 20-03-2024 19:19:13 [main] [Log] - Test Execution Completed Successfully for all tests!!
[INFO] 20-03-2024 19:19:13 [main] [Log] - ============================================================
[INFO] 20-03-2024 19:44:36 [main] [Log] - ============================================================
[INFO] 20-03-2024 19:44:36 [main] [Log] - Test case: createBookingTest test is starting...
[INFO] 20-03-2024 19:44:36 [main] [Log] - ============================================================
[INFO] 20-03-2024 19:44:40 [main] [Log] - ============================================================
[INFO] 20-03-2024 19:44:40 [main] [Log] - Test case: createBookingTest is passed.
[INFO] 20-03-2024 19:44:40 [main] [Log] - ============================================================
[INFO] 20-03-2024 19:44:40 [main] [Log] - ============================================================
[INFO] 20-03-2024 19:44:40 [main] [Log] - Test case: getBookingTest test is starting...
[INFO] 20-03-2024 19:44:40 [main] [Log] - ============================================================
[INFO] 20-03-2024 19:44:42 [main] [Log] - ============================================================
[INFO] 20-03-2024 19:44:42 [main] [Log] - Test case: getBookingTest is passed.
[INFO] 20-03-2024 19:44:42 [main] [Log] - ============================================================
[INFO] 20-03-2024 19:44:42 [main] [Log] - ============================================================
[INFO] 20-03-2024 19:44:42 [main] [Log] - Test case: updateBookingTest test is starting...
[INFO] 20-03-2024 19:44:42 [main] [Log] - ============================================================
[INFO] 20-03-2024 19:44:45 [main] [Log] - ============================================================
[INFO] 20-03-2024 19:44:45 [main] [Log] - Test case: updateBookingTest is passed.
[INFO] 20-03-2024 19:44:45 [main] [Log] - ============================================================
[INFO] 20-03-2024 19:44:45 [main] [Log] - ============================================================
[INFO] 20-03-2024 19:44:45 [main] [Log] - Test case: updatePartialBookingTest test is starting...
[INFO] 20-03-2024 19:44:45 [main] [Log] - ============================================================
[INFO] 20-03-2024 19:44:49 [main] [Log] - ============================================================
[INFO] 20-03-2024 19:44:49 [main] [Log] - Test case: updatePartialBookingTest is passed.
[INFO] 20-03-2024 19:44:49 [main] [Log] - ============================================================
[INFO] 20-03-2024 19:44:49 [main] [Log] - ============================================================
[INFO] 20-03-2024 19:44:49 [main] [Log] - Test case: deleteBookingTest test is starting...
[INFO] 20-03-2024 19:44:49 [main] [Log] - ============================================================
[INFO] 20-03-2024 19:44:52 [main] [Log] - ============================================================
[INFO] 20-03-2024 19:44:52 [main] [Log] - Test case: deleteBookingTest is passed.
[INFO] 20-03-2024 19:44:52 [main] [Log] - ============================================================
[INFO] 20-03-2024 19:44:52 [main] [Log] - ============================================================
[INFO] 20-03-2024 19:44:52 [main] [Log] - Test case: checkBookingIsDeleted test is starting...
[INFO] 20-03-2024 19:44:52 [main] [Log] - ============================================================
[INFO] 20-03-2024 19:44:54 [main] [Log] - ============================================================
[INFO] 20-03-2024 19:44:54 [main] [Log] - Test case: checkBookingIsDeleted is passed.
[INFO] 20-03-2024 19:44:54 [main] [Log] - ============================================================
[INFO] 20-03-2024 19:44:54 [main] [Log] - ============================================================
[INFO] 20-03-2024 19:44:54 [main] [Log] - Test Execution Completed Successfully for all tests!!
[INFO] 20-03-2024 19:44:54 [main] [Log] - ============================================================
[INFO] 20-03-2024 19:48:54 [main] [Log] - ============================================================
[INFO] 20-03-2024 19:48:54 [main] [Log] - Test case: createBookingTest test is starting...
[INFO] 20-03-2024 19:48:54 [main] [Log] - ============================================================
[INFO] 20-03-2024 19:48:57 [main] [Log] - ============================================================
[INFO] 20-03-2024 19:48:57 [main] [Log] - Test case: createBookingTest is passed.
[INFO] 20-03-2024 19:48:57 [main] [Log] - ============================================================
[INFO] 20-03-2024 19:48:57 [main] [Log] - ============================================================
[INFO] 20-03-2024 19:48:57 [main] [Log] - Test case: getBookingTest test is starting...
[INFO] 20-03-2024 19:48:57 [main] [Log] - ============================================================
[INFO] 20-03-2024 19:48:59 [main] [Log] - ============================================================
[INFO] 20-03-2024 19:48:59 [main] [Log] - Test case: getBookingTest is passed.
[INFO] 20-03-2024 19:48:59 [main] [Log] - ============================================================
[INFO] 20-03-2024 19:48:59 [main] [Log] - ============================================================
[INFO] 20-03-2024 19:48:59 [main] [Log] - Test case: updateBookingTest test is starting...
[INFO] 20-03-2024 19:48:59 [main] [Log] - ============================================================
[INFO] 20-03-2024 19:49:03 [main] [Log] - ============================================================
[INFO] 20-03-2024 19:49:03 [main] [Log] - Test case: updateBookingTest is passed.
[INFO] 20-03-2024 19:49:03 [main] [Log] - ============================================================
[INFO] 20-03-2024 19:49:03 [main] [Log] - ============================================================
[INFO] 20-03-2024 19:49:03 [main] [Log] - Test case: updatePartialBookingTest test is starting...
[INFO] 20-03-2024 19:49:03 [main] [Log] - ============================================================
[INFO] 20-03-2024 19:49:07 [main] [Log] - ============================================================
[INFO] 20-03-2024 19:49:07 [main] [Log] - Test case: updatePartialBookingTest is passed.
[INFO] 20-03-2024 19:49:07 [main] [Log] - ============================================================
[INFO] 20-03-2024 19:49:07 [main] [Log] - ============================================================
[INFO] 20-03-2024 19:49:07 [main] [Log] - Test case: deleteBookingTest test is starting...
[INFO] 20-03-2024 19:49:07 [main] [Log] - ============================================================
[INFO] 20-03-2024 19:49:10 [main] [Log] - ============================================================
[INFO] 20-03-2024 19:49:10 [main] [Log] - Test case: deleteBookingTest is passed.
[INFO] 20-03-2024 19:49:10 [main] [Log] - ============================================================
[INFO] 20-03-2024 19:49:10 [main] [Log] - ============================================================
[INFO] 20-03-2024 19:49:10 [main] [Log] - Test case: checkBookingIsDeleted test is starting...
[INFO] 20-03-2024 19:49:10 [main] [Log] - ============================================================
[INFO] 20-03-2024 19:49:12 [main] [Log] - ============================================================
[INFO] 20-03-2024 19:49:12 [main] [Log] - Test case: checkBookingIsDeleted is passed.
[INFO] 20-03-2024 19:49:12 [main] [Log] - ============================================================
[INFO] 20-03-2024 19:49:13 [main] [Log] - ============================================================
[INFO] 20-03-2024 19:49:13 [main] [Log] - Test Execution Completed Successfully for all tests!!
[INFO] 20-03-2024 19:49:13 [main] [Log] - ============================================================
[INFO] 20-03-2024 19:51:23 [main] [Log] - ============================================================
[INFO] 20-03-2024 19:51:23 [main] [Log] - Test case: createBookingTest test is starting...
[INFO] 20-03-2024 19:51:23 [main] [Log] - ============================================================
[INFO] 20-03-2024 19:51:26 [main] [Log] - ============================================================
[INFO] 20-03-2024 19:51:26 [main] [Log] - Test case: createBookingTest is passed.
[INFO] 20-03-2024 19:51:26 [main] [Log] - ============================================================
[INFO] 20-03-2024 19:51:26 [main] [Log] - ============================================================
[INFO] 20-03-2024 19:51:26 [main] [Log] - Test case: getBookingTest test is starting...
[INFO] 20-03-2024 19:51:26 [main] [Log] - ============================================================
[INFO] 20-03-2024 19:51:28 [main] [Log] - ============================================================
[INFO] 20-03-2024 19:51:28 [main] [Log] - Test case: getBookingTest is passed.
[INFO] 20-03-2024 19:51:28 [main] [Log] - ============================================================
[INFO] 20-03-2024 19:51:28 [main] [Log] - ============================================================
[INFO] 20-03-2024 19:51:28 [main] [Log] - Test case: updateBookingTest test is starting...
[INFO] 20-03-2024 19:51:28 [main] [Log] - ============================================================
[INFO] 20-03-2024 19:51:32 [main] [Log] - ============================================================
[INFO] 20-03-2024 19:51:32 [main] [Log] - Test case: updateBookingTest is passed.
[INFO] 20-03-2024 19:51:32 [main] [Log] - ============================================================
[INFO] 20-03-2024 19:51:32 [main] [Log] - ============================================================
[INFO] 20-03-2024 19:51:32 [main] [Log] - Test case: updatePartialBookingTest test is starting...
[INFO] 20-03-2024 19:51:32 [main] [Log] - ============================================================
[INFO] 20-03-2024 19:51:36 [main] [Log] - ============================================================
[INFO] 20-03-2024 19:51:36 [main] [Log] - Test case: updatePartialBookingTest is passed.
[INFO] 20-03-2024 19:51:36 [main] [Log] - ============================================================
[INFO] 20-03-2024 19:51:36 [main] [Log] - ============================================================
[INFO] 20-03-2024 19:51:36 [main] [Log] - Test case: deleteBookingTest test is starting...
[INFO] 20-03-2024 19:51:36 [main] [Log] - ============================================================
[INFO] 20-03-2024 19:51:39 [main] [Log] - ============================================================
[INFO] 20-03-2024 19:51:39 [main] [Log] - Test case: deleteBookingTest is passed.
[INFO] 20-03-2024 19:51:39 [main] [Log] - ============================================================
[INFO] 20-03-2024 19:51:39 [main] [Log] - ============================================================
[INFO] 20-03-2024 19:51:39 [main] [Log] - Test case: checkBookingIsDeleted test is starting...
[INFO] 20-03-2024 19:51:39 [main] [Log] - ============================================================
[INFO] 20-03-2024 19:51:41 [main] [Log] - ============================================================
[INFO] 20-03-2024 19:51:41 [main] [Log] - Test case: checkBookingIsDeleted is passed.
[INFO] 20-03-2024 19:51:41 [main] [Log] - ============================================================
[INFO] 20-03-2024 19:51:41 [main] [Log] - ============================================================
[INFO] 20-03-2024 19:51:41 [main] [Log] - Test Execution Completed Successfully for all tests!!
[INFO] 20-03-2024 19:51:41 [main] [Log] - ============================================================
[INFO] 20-03-2024 19:53:12 [main] [Log] - ============================================================
[INFO] 20-03-2024 19:53:12 [main] [Log] - Test case: createBookingTest test is starting...
[INFO] 20-03-2024 19:53:12 [main] [Log] - ============================================================
[INFO] 20-03-2024 19:53:31 [main] [Log] - ============================================================
[INFO] 20-03-2024 19:53:31 [main] [Log] - Test case: createBookingTest is passed.
[INFO] 20-03-2024 19:53:31 [main] [Log] - ============================================================
[INFO] 20-03-2024 19:53:31 [main] [Log] - ============================================================
[INFO] 20-03-2024 19:53:31 [main] [Log] - Test case: getBookingTest test is starting...
[INFO] 20-03-2024 19:53:31 [main] [Log] - ============================================================
[ERROR] 20-03-2024 19:53:53 [main] [Log] - Test case: getBookingTest is failed.
[INFO] 20-03-2024 19:53:53 [main] [Log] - ============================================================
[INFO] 20-03-2024 19:53:53 [main] [Log] - Test case: updateBookingTest test is starting...
[INFO] 20-03-2024 19:53:53 [main] [Log] - ============================================================
[INFO] 20-03-2024 19:53:57 [main] [Log] - ============================================================
[INFO] 20-03-2024 19:53:57 [main] [Log] - Test case: updateBookingTest is passed.
[INFO] 20-03-2024 19:53:57 [main] [Log] - ============================================================
[INFO] 20-03-2024 19:53:57 [main] [Log] - ============================================================
[INFO] 20-03-2024 19:53:57 [main] [Log] - Test case: updatePartialBookingTest test is starting...
[INFO] 20-03-2024 19:53:57 [main] [Log] - ============================================================
[INFO] 20-03-2024 19:54:01 [main] [Log] - ============================================================
[INFO] 20-03-2024 19:54:01 [main] [Log] - Test case: updatePartialBookingTest is passed.
[INFO] 20-03-2024 19:54:01 [main] [Log] - ============================================================
[INFO] 20-03-2024 19:54:01 [main] [Log] - ============================================================
[INFO] 20-03-2024 19:54:01 [main] [Log] - Test case: deleteBookingTest test is starting...
[INFO] 20-03-2024 19:54:01 [main] [Log] - ============================================================
[INFO] 20-03-2024 19:54:04 [main] [Log] - ============================================================
[INFO] 20-03-2024 19:54:04 [main] [Log] - Test case: deleteBookingTest is passed.
[INFO] 20-03-2024 19:54:04 [main] [Log] - ============================================================
[INFO] 20-03-2024 19:54:04 [main] [Log] - ============================================================
[INFO] 20-03-2024 19:54:04 [main] [Log] - Test case: checkBookingIsDeleted test is starting...
[INFO] 20-03-2024 19:54:04 [main] [Log] - ============================================================
[INFO] 20-03-2024 19:54:06 [main] [Log] - ============================================================
[INFO] 20-03-2024 19:54:06 [main] [Log] - Test case: checkBookingIsDeleted is passed.
[INFO] 20-03-2024 19:54:06 [main] [Log] - ============================================================
[INFO] 20-03-2024 19:54:07 [main] [Log] - ============================================================
[INFO] 20-03-2024 19:54:07 [main] [Log] - Test Execution Completed Successfully for all tests!!
[INFO] 20-03-2024 19:54:07 [main] [Log] - ============================================================
[INFO] 20-03-2024 19:54:49 [main] [Log] - ============================================================
[INFO] 20-03-2024 19:54:49 [main] [Log] - Test case: createBookingTest test is starting...
[INFO] 20-03-2024 19:54:49 [main] [Log] - ============================================================
[INFO] 20-03-2024 19:54:52 [main] [Log] - ============================================================
[INFO] 20-03-2024 19:54:52 [main] [Log] - Test case: createBookingTest is passed.
[INFO] 20-03-2024 19:54:52 [main] [Log] - ============================================================
[INFO] 20-03-2024 19:54:52 [main] [Log] - ============================================================
[INFO] 20-03-2024 19:54:52 [main] [Log] - Test case: getBookingTest test is starting...
[INFO] 20-03-2024 19:54:52 [main] [Log] - ============================================================
[INFO] 20-03-2024 19:54:54 [main] [Log] - ============================================================
[INFO] 20-03-2024 19:54:54 [main] [Log] - Test case: getBookingTest is passed.
[INFO] 20-03-2024 19:54:54 [main] [Log] - ============================================================
[INFO] 20-03-2024 19:54:54 [main] [Log] - ============================================================
[INFO] 20-03-2024 19:54:54 [main] [Log] - Test case: updateBookingTest test is starting...
[INFO] 20-03-2024 19:54:54 [main] [Log] - ============================================================
[INFO] 20-03-2024 19:54:58 [main] [Log] - ============================================================
[INFO] 20-03-2024 19:54:58 [main] [Log] - Test case: updateBookingTest is passed.
[INFO] 20-03-2024 19:54:58 [main] [Log] - ============================================================
[INFO] 20-03-2024 19:54:58 [main] [Log] - ============================================================
[INFO] 20-03-2024 19:54:58 [main] [Log] - Test case: updatePartialBookingTest test is starting...
[INFO] 20-03-2024 19:54:58 [main] [Log] - ============================================================
[INFO] 20-03-2024 19:55:02 [main] [Log] - ============================================================
[INFO] 20-03-2024 19:55:02 [main] [Log] - Test case: updatePartialBookingTest is passed.
[INFO] 20-03-2024 19:55:02 [main] [Log] - ============================================================
[INFO] 20-03-2024 19:55:02 [main] [Log] - ============================================================
[INFO] 20-03-2024 19:55:02 [main] [Log] - Test case: deleteBookingTest test is starting...
[INFO] 20-03-2024 19:55:02 [main] [Log] - ============================================================
[INFO] 20-03-2024 19:55:06 [main] [Log] - ============================================================
[INFO] 20-03-2024 19:55:06 [main] [Log] - Test case: deleteBookingTest is passed.
[INFO] 20-03-2024 19:55:06 [main] [Log] - ============================================================
[INFO] 20-03-2024 19:55:06 [main] [Log] - ============================================================
[INFO] 20-03-2024 19:55:06 [main] [Log] - Test case: checkBookingIsDeleted test is starting...
[INFO] 20-03-2024 19:55:06 [main] [Log] - ============================================================
[INFO] 20-03-2024 19:55:07 [main] [Log] - ============================================================
[INFO] 20-03-2024 19:55:07 [main] [Log] - Test case: checkBookingIsDeleted is passed.
[INFO] 20-03-2024 19:55:07 [main] [Log] - ============================================================
[INFO] 20-03-2024 19:55:08 [main] [Log] - ============================================================
[INFO] 20-03-2024 19:55:08 [main] [Log] - Test Execution Completed Successfully for all tests!!
[INFO] 20-03-2024 19:55:08 [main] [Log] - ============================================================
[INFO] 20-03-2024 21:34:51 [main] [Log] - ============================================================
[INFO] 20-03-2024 21:34:51 [main] [Log] - Test case: createBookingTest test is starting...
[INFO] 20-03-2024 21:34:51 [main] [Log] - ============================================================
[INFO] 20-03-2024 21:34:55 [main] [Log] - ============================================================
[INFO] 20-03-2024 21:34:55 [main] [Log] - Test case: createBookingTest is passed.
[INFO] 20-03-2024 21:34:55 [main] [Log] - ============================================================
[INFO] 20-03-2024 21:34:56 [main] [Log] - ============================================================
[INFO] 20-03-2024 21:34:56 [main] [Log] - Test case: getBookingTest test is starting...
[INFO] 20-03-2024 21:34:56 [main] [Log] - ============================================================
[INFO] 20-03-2024 21:34:57 [main] [Log] - ============================================================
[INFO] 20-03-2024 21:34:57 [main] [Log] - Test case: getBookingTest is passed.
[INFO] 20-03-2024 21:34:57 [main] [Log] - ============================================================
[INFO] 20-03-2024 21:34:57 [main] [Log] - ============================================================
[INFO] 20-03-2024 21:34:57 [main] [Log] - Test case: updateBookingTest test is starting...
[INFO] 20-03-2024 21:34:57 [main] [Log] - ============================================================
[INFO] 20-03-2024 21:35:01 [main] [Log] - ============================================================
[INFO] 20-03-2024 21:35:01 [main] [Log] - Test case: updateBookingTest is passed.
[INFO] 20-03-2024 21:35:01 [main] [Log] - ============================================================
[INFO] 20-03-2024 21:35:01 [main] [Log] - ============================================================
[INFO] 20-03-2024 21:35:01 [main] [Log] - Test case: updatePartialBookingTest test is starting...
[INFO] 20-03-2024 21:35:01 [main] [Log] - ============================================================
[INFO] 20-03-2024 21:35:04 [main] [Log] - ============================================================
[INFO] 20-03-2024 21:35:04 [main] [Log] - Test case: updatePartialBookingTest is passed.
[INFO] 20-03-2024 21:35:04 [main] [Log] - ============================================================
[INFO] 20-03-2024 21:35:04 [main] [Log] - ============================================================
[INFO] 20-03-2024 21:35:04 [main] [Log] - Test case: deleteBookingTest test is starting...
[INFO] 20-03-2024 21:35:04 [main] [Log] - ============================================================
[INFO] 20-03-2024 21:35:08 [main] [Log] - ============================================================
[INFO] 20-03-2024 21:35:08 [main] [Log] - Test case: deleteBookingTest is passed.
[INFO] 20-03-2024 21:35:08 [main] [Log] - ============================================================
[INFO] 20-03-2024 21:35:08 [main] [Log] - ============================================================
[INFO] 20-03-2024 21:35:08 [main] [Log] - Test case: checkBookingIsDeleted test is starting...
[INFO] 20-03-2024 21:35:08 [main] [Log] - ============================================================
[INFO] 20-03-2024 21:35:09 [main] [Log] - ============================================================
[INFO] 20-03-2024 21:35:09 [main] [Log] - Test case: checkBookingIsDeleted is passed.
[INFO] 20-03-2024 21:35:09 [main] [Log] - ============================================================
[INFO] 20-03-2024 21:35:10 [main] [Log] - ============================================================
[INFO] 20-03-2024 21:35:10 [main] [Log] - Test Execution Completed Successfully for all tests!!
[INFO] 20-03-2024 21:35:10 [main] [Log] - ============================================================
[INFO] 20-03-2024 21:40:37 [main] [Log] - ============================================================
[INFO] 20-03-2024 21:40:37 [main] [Log] - Test case: createBookingTest test is starting...
[INFO] 20-03-2024 21:40:37 [main] [Log] - ============================================================
[ERROR] 20-03-2024 21:41:10 [main] [Log] - Test case: createBookingTest is failed.
[INFO] 20-03-2024 21:41:10 [main] [Log] - ============================================================
[INFO] 20-03-2024 21:41:10 [main] [Log] - Test case: getBookingTest test is starting...
[INFO] 20-03-2024 21:41:10 [main] [Log] - ============================================================
[ERROR] 20-03-2024 21:41:25 [main] [Log] - Test case: getBookingTest is failed.
[INFO] 20-03-2024 21:41:25 [main] [Log] - ============================================================
[INFO] 20-03-2024 21:41:25 [main] [Log] - Test case: updateBookingTest test is starting...
[INFO] 20-03-2024 21:41:25 [main] [Log] - ============================================================
[ERROR] 20-03-2024 21:41:48 [main] [Log] - Test case: updateBookingTest is failed.
[INFO] 20-03-2024 21:41:48 [main] [Log] - ============================================================
[INFO] 20-03-2024 21:41:48 [main] [Log] - Test case: updatePartialBookingTest test is starting...
[INFO] 20-03-2024 21:41:48 [main] [Log] - ============================================================
[ERROR] 20-03-2024 21:41:55 [main] [Log] - Test case: updatePartialBookingTest is failed.
[INFO] 20-03-2024 21:41:55 [main] [Log] - ============================================================
[INFO] 20-03-2024 21:41:55 [main] [Log] - Test case: deleteBookingTest test is starting...
[INFO] 20-03-2024 21:41:55 [main] [Log] - ============================================================
[ERROR] 20-03-2024 21:41:59 [main] [Log] - Test case: deleteBookingTest is failed.
[INFO] 20-03-2024 21:41:59 [main] [Log] - ============================================================
[INFO] 20-03-2024 21:41:59 [main] [Log] - Test case: checkBookingIsDeleted test is starting...
[INFO] 20-03-2024 21:41:59 [main] [Log] - ============================================================
[INFO] 20-03-2024 21:42:01 [main] [Log] - ============================================================
[INFO] 20-03-2024 21:42:01 [main] [Log] - Test case: checkBookingIsDeleted is passed.
[INFO] 20-03-2024 21:42:01 [main] [Log] - ============================================================
[INFO] 20-03-2024 21:42:01 [main] [Log] - ============================================================
[INFO] 20-03-2024 21:42:01 [main] [Log] - Test Execution Completed Successfully for all tests!!
[INFO] 20-03-2024 21:42:01 [main] [Log] - ============================================================
[INFO] 20-03-2024 21:42:46 [main] [Log] - ============================================================
[INFO] 20-03-2024 21:42:46 [main] [Log] - Test case: createBookingTest test is starting...
[INFO] 20-03-2024 21:42:46 [main] [Log] - ============================================================
[INFO] 20-03-2024 21:42:49 [main] [Log] - ============================================================
[INFO] 20-03-2024 21:42:49 [main] [Log] - Test case: createBookingTest is passed.
[INFO] 20-03-2024 21:42:49 [main] [Log] - ============================================================
[INFO] 20-03-2024 21:42:49 [main] [Log] - ============================================================
[INFO] 20-03-2024 21:42:49 [main] [Log] - Test case: getBookingTest test is starting...
[INFO] 20-03-2024 21:42:49 [main] [Log] - ============================================================
[INFO] 20-03-2024 21:42:51 [main] [Log] - ============================================================
[INFO] 20-03-2024 21:42:51 [main] [Log] - Test case: getBookingTest is passed.
[INFO] 20-03-2024 21:42:51 [main] [Log] - ============================================================
[INFO] 20-03-2024 21:42:51 [main] [Log] - ============================================================
[INFO] 20-03-2024 21:42:51 [main] [Log] - Test case: updateBookingTest test is starting...
[INFO] 20-03-2024 21:42:51 [main] [Log] - ============================================================
[INFO] 20-03-2024 21:42:54 [main] [Log] - ============================================================
[INFO] 20-03-2024 21:42:54 [main] [Log] - Test case: updateBookingTest is passed.
[INFO] 20-03-2024 21:42:54 [main] [Log] - ============================================================
[INFO] 20-03-2024 21:42:54 [main] [Log] - ============================================================
[INFO] 20-03-2024 21:42:54 [main] [Log] - Test case: updatePartialBookingTest test is starting...
[INFO] 20-03-2024 21:42:54 [main] [Log] - ============================================================
[INFO] 20-03-2024 21:42:58 [main] [Log] - ============================================================
[INFO] 20-03-2024 21:42:58 [main] [Log] - Test case: updatePartialBookingTest is passed.
[INFO] 20-03-2024 21:42:58 [main] [Log] - ============================================================
[INFO] 20-03-2024 21:42:58 [main] [Log] - ============================================================
[INFO] 20-03-2024 21:42:58 [main] [Log] - Test case: deleteBookingTest test is starting...
[INFO] 20-03-2024 21:42:58 [main] [Log] - ============================================================
[INFO] 20-03-2024 21:43:01 [main] [Log] - ============================================================
[INFO] 20-03-2024 21:43:01 [main] [Log] - Test case: deleteBookingTest is passed.
[INFO] 20-03-2024 21:43:01 [main] [Log] - ============================================================
[INFO] 20-03-2024 21:43:01 [main] [Log] - ============================================================
[INFO] 20-03-2024 21:43:01 [main] [Log] - Test case: checkBookingIsDeleted test is starting...
[INFO] 20-03-2024 21:43:01 [main] [Log] - ============================================================
[INFO] 20-03-2024 21:43:03 [main] [Log] - ============================================================
[INFO] 20-03-2024 21:43:03 [main] [Log] - Test case: checkBookingIsDeleted is passed.
[INFO] 20-03-2024 21:43:03 [main] [Log] - ============================================================
[INFO] 20-03-2024 21:43:04 [main] [Log] - ============================================================
[INFO] 20-03-2024 21:43:04 [main] [Log] - Test Execution Completed Successfully for all tests!!
[INFO] 20-03-2024 21:43:04 [main] [Log] - ============================================================
[INFO] 20-03-2024 23:47:42 [main] [Log] - ============================================================
[INFO] 20-03-2024 23:47:42 [main] [Log] - Test case: createBookingTest test is starting...
[INFO] 20-03-2024 23:47:42 [main] [Log] - ============================================================
[INFO] 20-03-2024 23:47:48 [main] [Log] - ============================================================
[INFO] 20-03-2024 23:47:48 [main] [Log] - Test case: createBookingTest is passed.
[INFO] 20-03-2024 23:47:48 [main] [Log] - ============================================================
[INFO] 20-03-2024 23:47:48 [main] [Log] - ============================================================
[INFO] 20-03-2024 23:47:48 [main] [Log] - [TestResult name=createBookingTest status=SUCCESS method=RestfulBookerE2ETests.createBookingTest()[pri:0, instance:com.testautomation.apitesting.common.RestfulBookerE2ETests@6adede5] output={null}]
[INFO] 20-03-2024 23:47:48 [main] [Log] - ============================================================
[INFO] 20-03-2024 23:47:48 [main] [Log] - ============================================================
[INFO] 20-03-2024 23:47:48 [main] [Log] - Test case: getBookingTest test is starting...
[INFO] 20-03-2024 23:47:48 [main] [Log] - ============================================================
[INFO] 20-03-2024 23:47:50 [main] [Log] - ============================================================
[INFO] 20-03-2024 23:47:50 [main] [Log] - Test case: getBookingTest is passed.
[INFO] 20-03-2024 23:47:50 [main] [Log] - ============================================================
[INFO] 20-03-2024 23:47:50 [main] [Log] - ============================================================
[INFO] 20-03-2024 23:47:50 [main] [Log] - [TestResult name=getBookingTest status=SUCCESS method=RestfulBookerE2ETests.getBookingTest()[pri:0, instance:com.testautomation.apitesting.common.RestfulBookerE2ETests@6adede5] output={null}]
[INFO] 20-03-2024 23:47:50 [main] [Log] - ============================================================
[INFO] 20-03-2024 23:47:50 [main] [Log] - ============================================================
[INFO] 20-03-2024 23:47:50 [main] [Log] - Test case: updateBookingTest test is starting...
[INFO] 20-03-2024 23:47:50 [main] [Log] - ============================================================
[INFO] 20-03-2024 23:47:54 [main] [Log] - ============================================================
[INFO] 20-03-2024 23:47:54 [main] [Log] - Test case: updateBookingTest is passed.
[INFO] 20-03-2024 23:47:54 [main] [Log] - ============================================================
[INFO] 20-03-2024 23:47:54 [main] [Log] - ============================================================
[INFO] 20-03-2024 23:47:54 [main] [Log] - [TestResult name=updateBookingTest status=SUCCESS method=RestfulBookerE2ETests.updateBookingTest()[pri:0, instance:com.testautomation.apitesting.common.RestfulBookerE2ETests@6adede5] output={null}]
[INFO] 20-03-2024 23:47:54 [main] [Log] - ============================================================
[INFO] 20-03-2024 23:47:54 [main] [Log] - ============================================================
[INFO] 20-03-2024 23:47:54 [main] [Log] - Test case: updatePartialBookingTest test is starting...
[INFO] 20-03-2024 23:47:54 [main] [Log] - ============================================================
[INFO] 20-03-2024 23:47:57 [main] [Log] - ============================================================
[INFO] 20-03-2024 23:47:57 [main] [Log] - Test case: updatePartialBookingTest is passed.
[INFO] 20-03-2024 23:47:57 [main] [Log] - ============================================================
[INFO] 20-03-2024 23:47:57 [main] [Log] - ============================================================
[INFO] 20-03-2024 23:47:57 [main] [Log] - [TestResult name=updatePartialBookingTest status=SUCCESS method=RestfulBookerE2ETests.updatePartialBookingTest()[pri:0, instance:com.testautomation.apitesting.common.RestfulBookerE2ETests@6adede5] output={null}]
[INFO] 20-03-2024 23:47:57 [main] [Log] - ============================================================
[INFO] 20-03-2024 23:47:57 [main] [Log] - ============================================================
[INFO] 20-03-2024 23:47:57 [main] [Log] - Test case: deleteBookingTest test is starting...
[INFO] 20-03-2024 23:47:57 [main] [Log] - ============================================================
[INFO] 20-03-2024 23:48:00 [main] [Log] - ============================================================
[INFO] 20-03-2024 23:48:00 [main] [Log] - Test case: deleteBookingTest is passed.
[INFO] 20-03-2024 23:48:00 [main] [Log] - ============================================================
[INFO] 20-03-2024 23:48:00 [main] [Log] - ============================================================
[INFO] 20-03-2024 23:48:00 [main] [Log] - [TestResult name=deleteBookingTest status=SUCCESS method=RestfulBookerE2ETests.deleteBookingTest()[pri:5, instance:com.testautomation.apitesting.common.RestfulBookerE2ETests@6adede5] output={null}]
[INFO] 20-03-2024 23:48:00 [main] [Log] - ============================================================
[INFO] 20-03-2024 23:48:00 [main] [Log] - ============================================================
[INFO] 20-03-2024 23:48:00 [main] [Log] - Test case: checkBookingIsDeleted test is starting...
[INFO] 20-03-2024 23:48:00 [main] [Log] - ============================================================
[INFO] 20-03-2024 23:48:02 [main] [Log] - ============================================================
[INFO] 20-03-2024 23:48:02 [main] [Log] - Test case: checkBookingIsDeleted is passed.
[INFO] 20-03-2024 23:48:02 [main] [Log] - ============================================================
[INFO] 20-03-2024 23:48:02 [main] [Log] - ============================================================
[INFO] 20-03-2024 23:48:02 [main] [Log] - [TestResult name=checkBookingIsDeleted status=SUCCESS method=RestfulBookerE2ETests.checkBookingIsDeleted()[pri:6, instance:com.testautomation.apitesting.common.RestfulBookerE2ETests@6adede5] output={null}]
[INFO] 20-03-2024 23:48:02 [main] [Log] - ============================================================
[INFO] 20-03-2024 23:48:03 [main] [Log] - ============================================================
[INFO] 20-03-2024 23:48:03 [main] [Log] - Test Execution Completed Successfully for all tests!!
[INFO] 20-03-2024 23:48:03 [main] [Log] - ============================================================
